0 info it worked if it ends with ok
1 verbose cli [ 'E:\\node\\node.exe',
1 verbose cli   'E:\\node\\node_modules\\npm\\bin\\npm-cli.js',
1 verbose cli   'run',
1 verbose cli   'dev' ]
2 info using npm@3.10.10
3 info using node@v6.10.2
4 verbose run-script [ 'predev', 'dev', 'postdev' ]
5 info lifecycle sooshong@1.0.0~predev: sooshong@1.0.0
6 silly lifecycle sooshong@1.0.0~predev: no script for predev, continuing
7 info lifecycle sooshong@1.0.0~dev: sooshong@1.0.0
8 verbose lifecycle sooshong@1.0.0~dev: unsafe-perm in lifecycle true
9 verbose lifecycle sooshong@1.0.0~dev: PATH: E:\node\node_modules\npm\bin\node-gyp-bin;C:\Users\zhangkai\Desktop\软件外包\项目一首商网项目\首商网前端源代码\sooshong_web\node_modules\.bin;C:\ProgramData\Oracle\Java\javapath;C:\Windows\system32;C:\Windows;C:\Windows\System32\Wbem;C:\Windows\System32\WindowsPowerShell\v1.0\;C:\Program Files (x86)\AMD\ATI.ACE\Core-Static;E:\node\;C:\Program Files\VisualSVN Server\bin;C:\Program Files\TortoiseSVN\bin;C:\Program Files\TortoiseGit\bin;E:\Git\cmd;C:\Program Files (x86)\Java\jdk1.8.0_131\bin;C:\Users\zhangkai\AppData\Roaming\npm;C:\Program Files (x86)\Microsoft VS Code\bin
10 verbose lifecycle sooshong@1.0.0~dev: CWD: C:\Users\zhangkai\Desktop\软件外包\项目一首商网项目\首商网前端源代码\sooshong_web
11 silly lifecycle sooshong@1.0.0~dev: Args: [ '/d /s /c', 'fis3 server start && fis3 release -c -wL' ]
12 silly lifecycle sooshong@1.0.0~dev: Returned: code: 3221225786  signal: null
13 info lifecycle sooshong@1.0.0~dev: Failed to exec dev script
14 verbose stack Error: sooshong@1.0.0 dev: `fis3 server start && fis3 release -c -wL`
14 verbose stack Exit status 3221225786
14 verbose stack     at EventEmitter.<anonymous> (E:\node\node_modules\npm\lib\utils\lifecycle.js:255:16)
14 verbose stack     at emitTwo (events.js:106:13)
14 verbose stack     at EventEmitter.emit (events.js:191:7)
14 verbose stack     at ChildProcess.<anonymous> (E:\node\node_modules\npm\lib\utils\spawn.js:40:14)
14 verbose stack     at emitTwo (events.js:106:13)
14 verbose stack     at ChildProcess.emit (events.js:191:7)
14 verbose stack     at maybeClose (internal/child_process.js:886:16)
14 verbose stack     at Process.ChildProcess._handle.onexit (internal/child_process.js:226:5)
15 verbose pkgid sooshong@1.0.0
16 verbose cwd C:\Users\zhangkai\Desktop\软件外包\项目一首商网项目\首商网前端源代码\sooshong_web\src\pages\zk_
17 error Windows_NT 6.1.7601
18 error argv "E:\\node\\node.exe" "E:\\node\\node_modules\\npm\\bin\\npm-cli.js" "run" "dev"
19 error node v6.10.2
20 error npm  v3.10.10
21 error code ELIFECYCLE
22 error sooshong@1.0.0 dev: `fis3 server start && fis3 release -c -wL`
22 error Exit status 3221225786
23 error Failed at the sooshong@1.0.0 dev script 'fis3 server start && fis3 release -c -wL'.
23 error Make sure you have the latest version of node.js and npm installed.
23 error If you do, this is most likely a problem with the sooshong package,
23 error not with npm itself.
23 error Tell the author that this fails on your system:
23 error     fis3 server start && fis3 release -c -wL
23 error You can get information on how to open an issue for this project with:
23 error     npm bugs sooshong
23 error Or if that isn't available, you can get their info via:
23 error     npm owner ls sooshong
23 error There is likely additional logging output above.
24 verbose exit [ 1, true ]
